actionid: py27
msg: getenv
cmdargs: '/Users/marcos/Projects/yoyo-database-migrations/.tox/py27/bin/python -m pip install PyMySQL psycopg2 pytest mock frozendate tms'

Looking in indexes: https://pypi.python.org/simple/
Collecting PyMySQL
  Downloading https://files.pythonhosted.org/packages/ed/39/15045ae46f2a123019aa968dfcba0396c161c20f855f11dea6796bcaae95/PyMySQL-0.9.3-py2.py3-none-any.whl (47kB)
Collecting psycopg2
  Downloading https://files.pythonhosted.org/packages/5c/c1/5e70da7f3ce144c5366e12d8b9c4d8659e803d03c8ec5057cb2eb0ee8077/psycopg2-2.7.6.1-cp27-cp27m-macosx_10_6_intel.macosx_10_9_intel.macosx_10_9_x86_64.macosx_10_10_intel.macosx_10_10_x86_64.whl (1.5MB)
Collecting pytest
  Downloading https://files.pythonhosted.org/packages/19/80/1ac71d332302a89e8637456062186bf397abc5a5b663c1919b73f4d68b1b/pytest-4.0.2-py2.py3-none-any.whl (217kB)
Collecting mock
  Using cached https://files.pythonhosted.org/packages/e6/35/f187bdf23be87092bd0f1200d43d23076cee4d0dec109f195173fd3ebc79/mock-2.0.0-py2.py3-none-any.whl
Collecting frozendate
  Downloading https://files.pythonhosted.org/packages/ff/4e/788835feae7d870a45e55d72d8a313f8ccc531692b928dd793ad96882948/frozendate-0.1.3.tar.gz
Collecting tms
  Downloading https://files.pythonhosted.org/packages/1b/f9/8da51becccbf8992192070e5fb2c0692693b3ab147bc5f7c9dc2a0746a9a/tms-0.1.2.tar.gz
Collecting atomicwrites>=1.0 (from pytest)
  Using cached https://files.pythonhosted.org/packages/3a/9a/9d878f8d885706e2530402de6417141129a943802c084238914fa6798d97/atomicwrites-1.2.1-py2.py3-none-any.whl
Collecting py>=1.5.0 (from pytest)
  Using cached https://files.pythonhosted.org/packages/3e/c7/3da685ef117d42ac8d71af525208759742dd235f8094221fdaafcd3dba8f/py-1.7.0-py2.py3-none-any.whl
Collecting pathlib2>=2.2.0; python_version < "3.6" (from pytest)
  Downloading https://files.pythonhosted.org/packages/2a/46/c696dcf1c7aad917b39b875acdc5451975e3a9b4890dca8329983201c97a/pathlib2-2.3.3-py2.py3-none-any.whl
Collecting more-itertools>=4.0.0 (from pytest)
  Downloading https://files.pythonhosted.org/packages/2f/9d/dcfe59e213093695f108508af1214cf9cd95cc5489e46877ec5cb56369e5/more_itertools-5.0.0-py2-none-any.whl (52kB)
Collecting funcsigs; python_version < "3.0" (from pytest)
  Downloading https://files.pythonhosted.org/packages/69/cb/f5be453359271714c01b9bd06126eaf2e368f1fddfff30818754b5ac2328/funcsigs-1.0.2-py2.py3-none-any.whl
Collecting attrs>=17.4.0 (from pytest)
  Using cached https://files.pythonhosted.org/packages/3a/e1/5f9023cc983f1a628a8c2fd051ad19e76ff7b142a0faf329336f9a62a514/attrs-18.2.0-py2.py3-none-any.whl
Collecting six>=1.10.0 (from pytest)
  Using cached https://files.pythonhosted.org/packages/73/fb/00a976f728d0d1fecfe898238ce23f502a721c0ac0ecfedb80e0d88c64e9/six-1.12.0-py2.py3-none-any.whl
Requirement already satisfied: setuptools in ./.tox/py27/lib/python2.7/site-packages (from pytest) (40.6.3)
Collecting pluggy>=0.7 (from pytest)
  Using cached https://files.pythonhosted.org/packages/1c/e7/017c262070af41fe251401cb0d0e1b7c38f656da634cd0c15604f1f30864/pluggy-0.8.0-py2.py3-none-any.whl
Collecting pbr>=0.11 (from mock)
  Downloading https://files.pythonhosted.org/packages/f3/04/fddc1c2dd75b256eda4d360024692231a2c19a0c61ad7f4a162407c1ab58/pbr-5.1.1-py2.py3-none-any.whl (106kB)
Collecting scandir; python_version < "3.5" (from pathlib2>=2.2.0; python_version < "3.6"->pytest)
Building wheels for collected packages: frozendate, tms
  Running setup.py bdist_wheel for frozendate: started
  Running setup.py bdist_wheel for frozendate: finished with status 'done'
  Stored in directory: /Users/marcos/Library/Caches/pip/wheels/2d/8c/0d/b43f1b9c28433d89251f0d685c91257908714539e4d173fea1
  Running setup.py bdist_wheel for tms: started
  Running setup.py bdist_wheel for tms: finished with status 'done'
  Stored in directory: /Users/marcos/Library/Caches/pip/wheels/4c/e1/21/e9e8066168c87d7732b07f559cf21a66cc3971f484e4cb356b
Successfully built frozendate tms
Installing collected packages: PyMySQL, psycopg2, atomicwrites, py, six, scandir, pathlib2, more-itertools, funcsigs, attrs, pluggy, pytest, pbr, mock, frozendate, tms
Successfully installed PyMySQL-0.9.3 atomicwrites-1.2.1 attrs-18.2.0 frozendate-0.1.3 funcsigs-1.0.2 mock-2.0.0 more-itertools-5.0.0 pathlib2-2.3.3 pbr-5.1.1 pluggy-0.8.0 psycopg2-2.7.6.1 py-1.7.0 pytest-4.0.2 scandir-1.9.0 six-1.12.0 tms-0.1.2
