actionid: tox
msg: packaging
cmdargs: '/Users/marcos/.virtualenvs/yoyo-database-migrations/bin/python2.7 /Users/marcos/Projects/yoyo-database-migrations/setup.py sdist --formats=zip --dist-dir /Users/marcos/Projects/yoyo-database-migrations/.tox/dist'

running sdist
running egg_info
writing requirements to yoyo_migrations.egg-info/requires.txt
writing yoyo_migrations.egg-info/PKG-INFO
writing top-level names to yoyo_migrations.egg-info/top_level.txt
writing dependency_links to yoyo_migrations.egg-info/dependency_links.txt
writing entry points to yoyo_migrations.egg-info/entry_points.txt
reading manifest file 'yoyo_migrations.egg-info/SOURCES.txt'
reading manifest template 'MANIFEST.in'
warning: no files found matching 'ez_setup.py'
warning: no files found matching '*.py' under directory 'tests'
writing manifest file 'yoyo_migrations.egg-info/SOURCES.txt'
running check
creating yoyo-migrations-6.0.1.dev0
creating yoyo-migrations-6.0.1.dev0/doc
creating yoyo-migrations-6.0.1.dev0/yoyo
creating yoyo-migrations-6.0.1.dev0/yoyo/internalmigrations
creating yoyo-migrations-6.0.1.dev0/yoyo/scripts
creating yoyo-migrations-6.0.1.dev0/yoyo_migrations.egg-info
copying files to yoyo-migrations-6.0.1.dev0...
copying CHANGELOG.rst -> yoyo-migrations-6.0.1.dev0
copying LICENSE.txt -> yoyo-migrations-6.0.1.dev0
copying MANIFEST.in -> yoyo-migrations-6.0.1.dev0
copying README.rst -> yoyo-migrations-6.0.1.dev0
copying setup.cfg -> yoyo-migrations-6.0.1.dev0
copying setup.py -> yoyo-migrations-6.0.1.dev0
copying doc/Makefile -> yoyo-migrations-6.0.1.dev0/doc
copying doc/conf.py -> yoyo-migrations-6.0.1.dev0/doc
copying doc/index.rst -> yoyo-migrations-6.0.1.dev0/doc
copying yoyo/__init__.py -> yoyo-migrations-6.0.1.dev0/yoyo
copying yoyo/__main__.py -> yoyo-migrations-6.0.1.dev0/yoyo
copying yoyo/backends.py -> yoyo-migrations-6.0.1.dev0/yoyo
copying yoyo/compat.py -> yoyo-migrations-6.0.1.dev0/yoyo
copying yoyo/config.py -> yoyo-migrations-6.0.1.dev0/yoyo
copying yoyo/connections.py -> yoyo-migrations-6.0.1.dev0/yoyo
copying yoyo/exceptions.py -> yoyo-migrations-6.0.1.dev0/yoyo
copying yoyo/migrations.py -> yoyo-migrations-6.0.1.dev0/yoyo
copying yoyo/utils.py -> yoyo-migrations-6.0.1.dev0/yoyo
copying yoyo/internalmigrations/__init__.py -> yoyo-migrations-6.0.1.dev0/yoyo/internalmigrations
copying yoyo/internalmigrations/v1.py -> yoyo-migrations-6.0.1.dev0/yoyo/internalmigrations
copying yoyo/internalmigrations/v2.py -> yoyo-migrations-6.0.1.dev0/yoyo/internalmigrations
copying yoyo/scripts/__init__.py -> yoyo-migrations-6.0.1.dev0/yoyo/scripts
copying yoyo/scripts/main.py -> yoyo-migrations-6.0.1.dev0/yoyo/scripts
copying yoyo/scripts/migrate.py -> yoyo-migrations-6.0.1.dev0/yoyo/scripts
copying yoyo/scripts/newmigration.py -> yoyo-migrations-6.0.1.dev0/yoyo/scripts
copying yoyo_migrations.egg-info/PKG-INFO -> yoyo-migrations-6.0.1.dev0/yoyo_migrations.egg-info
copying yoyo_migrations.egg-info/SOURCES.txt -> yoyo-migrations-6.0.1.dev0/yoyo_migrations.egg-info
copying yoyo_migrations.egg-info/dependency_links.txt -> yoyo-migrations-6.0.1.dev0/yoyo_migrations.egg-info
copying yoyo_migrations.egg-info/entry_points.txt -> yoyo-migrations-6.0.1.dev0/yoyo_migrations.egg-info
copying yoyo_migrations.egg-info/requires.txt -> yoyo-migrations-6.0.1.dev0/yoyo_migrations.egg-info
copying yoyo_migrations.egg-info/top_level.txt -> yoyo-migrations-6.0.1.dev0/yoyo_migrations.egg-info
Writing yoyo-migrations-6.0.1.dev0/setup.cfg
creating '.tox/dist/yoyo-migrations-6.0.1.dev0.zip' and adding 'yoyo-migrations-6.0.1.dev0' to it
adding 'yoyo-migrations-6.0.1.dev0/PKG-INFO'
adding 'yoyo-migrations-6.0.1.dev0/MANIFEST.in'
adding 'yoyo-migrations-6.0.1.dev0/setup.py'
adding 'yoyo-migrations-6.0.1.dev0/setup.cfg'
adding 'yoyo-migrations-6.0.1.dev0/README.rst'
adding 'yoyo-migrations-6.0.1.dev0/CHANGELOG.rst'
adding 'yoyo-migrations-6.0.1.dev0/LICENSE.txt'
adding 'yoyo-migrations-6.0.1.dev0/yoyo/config.py'
adding 'yoyo-migrations-6.0.1.dev0/yoyo/compat.py'
adding 'yoyo-migrations-6.0.1.dev0/yoyo/connections.py'
adding 'yoyo-migrations-6.0.1.dev0/yoyo/__init__.py'
adding 'yoyo-migrations-6.0.1.dev0/yoyo/backends.py'
adding 'yoyo-migrations-6.0.1.dev0/yoyo/utils.py'
adding 'yoyo-migrations-6.0.1.dev0/yoyo/migrations.py'
adding 'yoyo-migrations-6.0.1.dev0/yoyo/exceptions.py'
adding 'yoyo-migrations-6.0.1.dev0/yoyo/__main__.py'
adding 'yoyo-migrations-6.0.1.dev0/yoyo/internalmigrations/v1.py'
adding 'yoyo-migrations-6.0.1.dev0/yoyo/internalmigrations/__init__.py'
adding 'yoyo-migrations-6.0.1.dev0/yoyo/internalmigrations/v2.py'
adding 'yoyo-migrations-6.0.1.dev0/yoyo/scripts/newmigration.py'
adding 'yoyo-migrations-6.0.1.dev0/yoyo/scripts/__init__.py'
adding 'yoyo-migrations-6.0.1.dev0/yoyo/scripts/main.py'
adding 'yoyo-migrations-6.0.1.dev0/yoyo/scripts/migrate.py'
adding 'yoyo-migrations-6.0.1.dev0/doc/index.rst'
adding 'yoyo-migrations-6.0.1.dev0/doc/Makefile'
adding 'yoyo-migrations-6.0.1.dev0/doc/conf.py'
adding 'yoyo-migrations-6.0.1.dev0/yoyo_migrations.egg-info/PKG-INFO'
adding 'yoyo-migrations-6.0.1.dev0/yoyo_migrations.egg-info/SOURCES.txt'
adding 'yoyo-migrations-6.0.1.dev0/yoyo_migrations.egg-info/entry_points.txt'
adding 'yoyo-migrations-6.0.1.dev0/yoyo_migrations.egg-info/requires.txt'
adding 'yoyo-migrations-6.0.1.dev0/yoyo_migrations.egg-info/top_level.txt'
adding 'yoyo-migrations-6.0.1.dev0/yoyo_migrations.egg-info/dependency_links.txt'
removing 'yoyo-migrations-6.0.1.dev0' (and everything under it)
